[04一月2026 09:33:59.214] [main/INFO] [cpw.mods.modlauncher.Launcher/MODLAUNCHER]: ModLauncher running: args [--launchTarget, forgeclientdev, --version, 21.1.217, --assetIndex, 17, --assetsDir, E:\\mcc\\gradle\\.gradle\\caches\\neoformruntime\\assets, --gameDir, ., --fml.fmlVersion, 4.0.42, --fml.mcVersion, 1.21.1, --fml.neoForgeVersion, 21.1.217, --fml.neoFormVersion, 20240808.144430]
[04一月2026 09:33:59.219] [main/INFO] [cpw.mods.modlauncher.Launcher/MODLAUNCHER]: JVM identified as Microsoft OpenJDK 64-Bit Server VM 21.0.3+9-LTS
[04一月2026 09:33:59.222] [main/INFO] [cpw.mods.modlauncher.Launcher/MODLAUNCHER]: ModLauncher 11.0.5+main.901c6ea8 starting: java version 21.0.3 by Microsoft; OS Windows 10 arch amd64 version 10.0
[04一月2026 09:33:59.417] [main/INFO] [net.neoforged.fml.loading.ImmediateWindowHandler/]: Loading ImmediateWindowProvider fmlearlywindow
[04一月2026 09:33:59.599] [main/INFO] [EARLYDISPLAY/]: Trying GL version 4.6
[04一月2026 09:33:59.945] [main/INFO] [EARLYDISPLAY/]: Requested GL version 4.6 got version 4.6
[04一月2026 09:34:00.118] [main/INFO] [mixin/]: SpongePowered MIXIN Subsystem Version=0.8.7 Source=union:/E:/mcc/gradle/.gradle/caches/modules-2/files-2.1/net.fabricmc/sponge-mixin/0.15.2+mixin.0.8.7/2af2f021d8e02a0220dc27a7a72b4666d66d44ca/sponge-mixin-0.15.2+mixin.0.8.7.jar%23138!/ Service=ModLauncher Env=CLIENT
[04一月2026 09:34:00.422] [pool-2-thread-1/INFO] [EARLYDISPLAY/]: GL info: NVIDIA GeForce RTX 3050 Ti Laptop GPU/PCIe/SSE2 GL version 4.6.0 NVIDIA 566.14, NVIDIA Corporation
[04一月2026 09:34:00.764] [main/INFO] [net.neoforged.fml.loading.moddiscovery.locators.JarInJarDependencyLocator/]: Found 2 dependencies adding them to mods collection
[04一月2026 09:34:00.768] [main/INFO] [net.neoforged.fml.loading.moddiscovery.ModDiscoverer/]: 
     Mod List:
		Name Version (Mod Id)

		Danmu 1.3 (danmu)
		Minecraft 1.21.1 (minecraft)
		NeoForge 21.1.217 (neoforge)
[04一月2026 09:34:01.927] [main/INFO] [mixin/]: Compatibility level set to JAVA_21
[04一月2026 09:34:01.936] [main/INFO] [cpw.mods.modlauncher.LaunchServiceHandler/MODLAUNCHER]: Launching target 'forgeclientdev' with arguments [--version, 21.1.217, --gameDir, ., --assetsDir, E:\mcc\gradle\.gradle\caches\neoformruntime\assets, --assetIndex, 17]
[04一月2026 09:34:04.039] [Datafixer Bootstrap/INFO] [com.mojang.datafixers.DataFixerBuilder/]: 229 Datafixer optimizations took 461 milliseconds
[04一月2026 09:34:04.232] [pool-7-thread-1/INFO] [MixinExtras|Service/]: Initializing MixinExtras via com.llamalad7.mixinextras.service.MixinExtrasServiceImpl(version=0.5.0).
[04一月2026 09:34:10.787] [main/WARN] [net.minecraft.commands.Commands/]: Ambiguity between arguments [teleport, location] and [teleport, destination] with inputs: [0.1 -0.5 .9, 0 0 0]
[04一月2026 09:34:10.790] [main/WARN] [net.minecraft.commands.Commands/]: Ambiguity between arguments [teleport, location] and [teleport, targets] with inputs: [0.1 -0.5 .9, 0 0 0]
[04一月2026 09:34:10.793] [main/WARN] [net.minecraft.commands.Commands/]: Ambiguity between arguments [teleport, destination] and [teleport, targets] with inputs: [Player, 0123, @e, dd12be42-52a9-4a91-a8a1-11c01849e498]
[04一月2026 09:34:10.794] [main/WARN] [net.minecraft.commands.Commands/]: Ambiguity between arguments [teleport, targets] and [teleport, destination] with inputs: [Player, 0123, dd12be42-52a9-4a91-a8a1-11c01849e498]
[04一月2026 09:34:10.796] [main/WARN] [net.minecraft.commands.Commands/]: Ambiguity between arguments [teleport, targets, location] and [teleport, targets, destination] with inputs: [0.1 -0.5 .9, 0 0 0]
[04一月2026 09:34:10.972] [Render thread/WARN] [net.minecraft.server.packs.VanillaPackResourcesBuilder/]: Assets URL 'union:/E:/mcc/Danmu/build/moddev/artifacts/neoforge-21.1.217.jar%23189!/assets/.mcassetsroot' uses unexpected schema
[04一月2026 09:34:10.972] [Render thread/WARN] [net.minecraft.server.packs.VanillaPackResourcesBuilder/]: Assets URL 'union:/E:/mcc/Danmu/build/moddev/artifacts/neoforge-21.1.217.jar%23189!/data/.mcassetsroot' uses unexpected schema
[04一月2026 09:34:11.007] [Render thread/INFO] [com.mojang.authlib.yggdrasil.YggdrasilAuthenticationService/]: Environment: Environment[sessionHost=https://sessionserver.mojang.com, servicesHost=https://api.minecraftservices.com, name=PROD]
[04一月2026 09:34:11.022] [Render thread/INFO] [net.minecraft.client.Minecraft/]: Setting user: Dev
[04一月2026 09:34:11.166] [Render thread/INFO] [net.minecraft.client.Minecraft/]: Backend library: LWJGL version 3.3.3+5
[04一月2026 09:34:11.435] [modloading-worker-0/INFO] [net.neoforged.neoforge.common.NeoForgeMod/NEOFORGE-MOD]: NeoForge mod loading, version 21.1.217, for MC 1.21.1
[04一月2026 09:34:12.602] [Render thread/INFO] [net.neoforged.neoforge.gametest.GameTestHooks/]: Enabled Gametest Namespaces: [danmu]
[04一月2026 09:34:12.754] [Render thread/INFO] [net.minecraft.server.packs.resources.ReloadableResourceManager/]: Reloading ResourceManager: vanilla, mod_resources, mod/danmu, mod/neoforge
[04一月2026 09:34:12.766] [Worker-Main-1/INFO] [net.ankrya.danmumod.DanmuMod/]: Danmu Mod Common Setup
[04一月2026 09:34:12.888] [Worker-Main-7/INFO] [net.minecraft.client.gui.font.providers.UnihexProvider/]: Found unifont_all_no_pua-15.1.05.hex, loading
[04一月2026 09:34:13.062] [Worker-Main-11/INFO] [net.minecraft.client.gui.font.providers.UnihexProvider/]: Found unifont_jp_patch-15.1.05.hex, loading
[04一月2026 09:34:13.109] [Worker-Main-4/INFO] [net.ankrya.danmumod.DanmuMod/]: Danmu Mod Client Setup
[04一月2026 09:34:14.780] [Render thread/WARN] [net.minecraft.client.sounds.SoundEngine/]: Missing sound for event: minecraft:item.goat_horn.play
[04一月2026 09:34:14.781] [Render thread/WARN] [net.minecraft.client.sounds.SoundEngine/]: Missing sound for event: minecraft:entity.goat.screaming.horn_break
[04一月2026 09:34:14.906] [Render thread/INFO] [com.mojang.blaze3d.audio.Library/]: OpenAL initialized on device OpenAL Soft on 扬声器 (HECATE G2无线版)
[04一月2026 09:34:14.907] [Render thread/INFO] [net.minecraft.client.sounds.SoundEngine/SOUNDS]: Sound engine started
[04一月2026 09:34:15.135] [Render thread/INFO] [net.minecraft.client.renderer.texture.TextureAtlas/]: Created: 1024x512x4 minecraft:textures/atlas/blocks.png-atlas
[04一月2026 09:34:15.150] [Render thread/INFO] [net.minecraft.client.renderer.texture.TextureAtlas/]: Created: 256x256x4 minecraft:textures/atlas/signs.png-atlas
[04一月2026 09:34:15.152] [Render thread/INFO] [net.minecraft.client.renderer.texture.TextureAtlas/]: Created: 512x512x4 minecraft:textures/atlas/banner_patterns.png-atlas
[04一月2026 09:34:15.153] [Render thread/INFO] [net.minecraft.client.renderer.texture.TextureAtlas/]: Created: 512x512x4 minecraft:textures/atlas/shield_patterns.png-atlas
[04一月2026 09:34:15.153] [Render thread/INFO] [net.minecraft.client.renderer.texture.TextureAtlas/]: Created: 1024x1024x4 minecraft:textures/atlas/armor_trims.png-atlas
[04一月2026 09:34:15.157] [Render thread/INFO] [net.minecraft.client.renderer.texture.TextureAtlas/]: Created: 128x64x4 minecraft:textures/atlas/decorated_pot.png-atlas
[04一月2026 09:34:15.158] [Render thread/INFO] [net.minecraft.client.renderer.texture.TextureAtlas/]: Created: 256x256x4 minecraft:textures/atlas/chest.png-atlas
[04一月2026 09:34:15.158] [Render thread/INFO] [net.minecraft.client.renderer.texture.TextureAtlas/]: Created: 512x256x4 minecraft:textures/atlas/shulker_boxes.png-atlas
[04一月2026 09:34:15.158] [Render thread/INFO] [net.minecraft.client.renderer.texture.TextureAtlas/]: Created: 512x256x4 minecraft:textures/atlas/beds.png-atlas
[04一月2026 09:34:15.496] [Render thread/INFO] [net.minecraft.client.renderer.texture.TextureAtlas/]: Created: 512x256x0 minecraft:textures/atlas/particles.png-atlas
[04一月2026 09:34:15.499] [Render thread/INFO] [net.minecraft.client.renderer.texture.TextureAtlas/]: Created: 512x256x0 minecraft:textures/atlas/paintings.png-atlas
[04一月2026 09:34:15.500] [Render thread/INFO] [net.minecraft.client.renderer.texture.TextureAtlas/]: Created: 256x128x0 minecraft:textures/atlas/mob_effects.png-atlas
[04一月2026 09:34:15.500] [Render thread/INFO] [net.minecraft.client.renderer.texture.TextureAtlas/]: Created: 64x64x0 minecraft:textures/atlas/map_decorations.png-atlas
[04一月2026 09:34:15.501] [Render thread/INFO] [net.minecraft.client.renderer.texture.TextureAtlas/]: Created: 1024x512x0 minecraft:textures/atlas/gui.png-atlas
[04一月2026 09:34:15.722] [Render thread/WARN] [net.minecraft.client.renderer.ShaderInstance/]: Shader rendertype_entity_translucent_emissive could not find sampler named Sampler2 in the specified shader program.
[04一月2026 09:34:15.877] [Render thread/INFO] [net.neoforged.neoforge.client.entity.animation.json.AnimationLoader/]: Loaded 0 entity animations
[04一月2026 09:34:15.959] [Render thread/INFO] [net.ankrya.danmumod.DanmuMod/]: Danmu web server started on port 8080
[04一月2026 09:34:15.960] [Render thread/INFO] [net.ankrya.danmumod.DanmuMod/]: Danmu web server started at http://localhost:8080
[04一月2026 09:34:15.960] [Render thread/INFO] [net.ankrya.danmumod.DanmuMod/]: Open this URL in browser to send danmu
[04一月2026 09:34:22.041] [Render thread/INFO] [net.minecraft.world.item.crafting.RecipeManager/]: Loaded 1290 recipes
[04一月2026 09:34:22.300] [Render thread/INFO] [net.minecraft.advancements.AdvancementTree/]: Loaded 1399 advancements
[04一月2026 09:34:22.833] [Server thread/INFO] [net.minecraft.client.server.IntegratedServer/]: Starting integrated minecraft server version 1.21.1
[04一月2026 09:34:22.834] [Server thread/INFO] [net.minecraft.server.MinecraftServer/]: Generating keypair
[04一月2026 09:34:23.208] [Server thread/INFO] [net.minecraft.server.MinecraftServer/]: Preparing start region for dimension minecraft:overworld
[04一月2026 09:34:23.525] [progressListener/INFO] [net.minecraft.server.level.progress.LoggerChunkProgressListener/]: 准备生成区域中：0%
[04一月2026 09:34:23.625] [progressListener/INFO] [net.minecraft.server.level.progress.LoggerChunkProgressListener/]: Time elapsed: 408 ms
[04一月2026 09:34:23.627] [Server thread/INFO] [net.neoforged.neoforge.server.permission.PermissionAPI/]: Successfully initialized permission handler neoforge:default_handler
[04一月2026 09:34:23.727] [Server thread/INFO] [net.minecraft.client.server.IntegratedServer/]: Changing view distance to 12, from 10
[04一月2026 09:34:23.727] [Server thread/INFO] [net.minecraft.client.server.IntegratedServer/]: Changing simulation distance to 12, from 0
[04一月2026 09:34:24.601] [Server thread/INFO] [net.minecraft.server.players.PlayerList/]: Dev[local:E:ef75874b] logged in with entity id 20 at (7.5, -60.0, 1.5)
[04一月2026 09:34:24.730] [Server thread/INFO] [net.minecraft.server.MinecraftServer/]: Dev加入了游戏
[04一月2026 09:34:25.429] [Render thread/INFO] [net.minecraft.advancements.AdvancementTree/]: Loaded 2 advancements
[04一月2026 09:34:26.145] [Server thread/INFO] [net.minecraft.client.server.IntegratedServer/]: Saving and pausing game...
[04一月2026 09:34:26.173] [Server thread/INFO] [net.minecraft.server.MinecraftServer/]: Saving chunks for level 'ServerLevel[新的世界]'/minecraft:overworld
[04一月2026 09:34:26.193] [Server thread/INFO] [net.minecraft.server.MinecraftServer/]: Saving chunks for level 'ServerLevel[新的世界]'/minecraft:the_nether
[04一月2026 09:34:26.194] [Server thread/INFO] [net.minecraft.server.MinecraftServer/]: Saving chunks for level 'ServerLevel[新的世界]'/minecraft:the_end
[04一月2026 09:34:34.143] [pool-9-thread-2/INFO] [net.ankrya.danmumod.DanmuMod/]: Danmu added: lenhuai - 12321
[04一月2026 09:34:34.154] [pool-9-thread-2/INFO] [net.ankrya.danmumod.DanmuMod/]: Added danmu locally: lenhuai - 12321
[04一月2026 09:34:43.868] [pool-9-thread-2/INFO] [net.ankrya.danmumod.DanmuMod/]: Danmu added: lenhuai - 13213
[04一月2026 09:34:43.869] [pool-9-thread-2/INFO] [net.ankrya.danmumod.DanmuMod/]: Added danmu locally: lenhuai - 13213
[04一月2026 09:35:07.778] [pool-9-thread-2/INFO] [net.ankrya.danmumod.DanmuMod/]: Danmu added: lenhuai - 13213
[04一月2026 09:35:07.779] [pool-9-thread-2/INFO] [net.ankrya.danmumod.DanmuMod/]: Added danmu locally: lenhuai - 13213
[04一月2026 09:35:23.657] [pool-9-thread-2/INFO] [net.ankrya.danmumod.DanmuMod/]: Danmu added: lenhuai - 13213
[04一月2026 09:35:23.657] [pool-9-thread-2/INFO] [net.ankrya.danmumod.DanmuMod/]: Added danmu locally: lenhuai - 13213
